<testsuites id="" name="" tests="9" failures="0" skipped="0" errors="0" time="10.754933999999999">
<testsuite name="example.spec.ts" timestamp="2025-04-03T06:51:15.957Z" hostname="chromium" tests="2" failures="0" skipped="0" time="6.835" errors="0">
<testcase name="has title" classname="example.spec.ts" time="1.97">
</testcase>
<testcase name="get started link" classname="example.spec.ts" time="4.865">
</testcase>
</testsuite>
<testsuite name="test-1.spec.ts" timestamp="2025-04-03T06:51:15.957Z" hostname="chromium" tests="1" failures="0" skipped="0" time="0.145" errors="0">
<testcase name="test" classname="test-1.spec.ts" time="0.145">
</testcase>
</testsuite>
<testsuite name="example.spec.ts" timestamp="2025-04-03T06:51:15.957Z" hostname="firefox" tests="2" failures="0" skipped="0" time="4.665" errors="0">
<testcase name="has title" classname="example.spec.ts" time="2.715">
</testcase>
<testcase name="get started link" classname="example.spec.ts" time="1.95">
</testcase>
</testsuite>
<testsuite name="test-1.spec.ts" timestamp="2025-04-03T06:51:15.957Z" hostname="firefox" tests="1" failures="0" skipped="0" time="1.199" errors="0">
<testcase name="test" classname="test-1.spec.ts" time="1.199">
</testcase>
</testsuite>
<testsuite name="example.spec.ts" timestamp="2025-04-03T06:51:15.957Z" hostname="webkit" tests="2" failures="0" skipped="0" time="2.91" errors="0">
<testcase name="has title" classname="example.spec.ts" time="1.124">
</testcase>
<testcase name="get started link" classname="example.spec.ts" time="1.786">
</testcase>
</testsuite>
<testsuite name="test-1.spec.ts" timestamp="2025-04-03T06:51:15.957Z" hostname="webkit" tests="1" failures="0" skipped="0" time="0.285" errors="0">
<testcase name="test" classname="test-1.spec.ts" time="0.285">
</testcase>
</testsuite>
</testsuites>