<?xml version="1.0" encoding="UTF-8"?>
<testsuite name="example.spec.ts" timestamp="2025-04-03T04:39:23.182Z" hostname="chromium" tests="2" failures="0" skipped="0" time="8.343" errors="0">
<testcase name="has title" classname="example.spec.ts" time="4.006" status:"passed">
</testcase>
<testcase name="get started link" classname="example.spec.ts" time="4.337" status:"failed">
</testcase>
</testsuite>