<?xml version="1.0" encoding="UTF-8"?>
<testsuites name="playwrighttypescript" tests="0" failures="0" errors="0" time="5.952">
</testsuites>