<?xml version="1.0" encoding="UTF-8"?>
<testsuites id="" name="" tests="9" failures="0" skipped="0" errors="0" time="13.929917999999999">
<testsuite name="example.spec.ts" timestamp="2025-04-02T07:18:05.242Z" hostname="chromium" tests="2" failures="0" skipped="0" time="12.069" errors="0">
<testcase name="has title" classname="example.spec.ts" time="5.468">
</testcase>
<testcase name="get started link" classname="example.spec.ts" time="6.601">
</testcase>
</testsuite>
<testsuite name="test-1.spec.ts" timestamp="2025-04-02T07:18:05.242Z" hostname="chromium" tests="1" failures="0" skipped="0" time="1.294" errors="0">
<testcase name="test" classname="test-1.spec.ts" time="1.294">
</testcase>
</testsuite>
<testsuite name="example.spec.ts" timestamp="2025-04-02T07:18:05.242Z" hostname="firefox" tests="2" failures="0" skipped="0" time="6.93" errors="0">
<testcase name="has title" classname="example.spec.ts" time="2.303">
</testcase>
<testcase name="get started link" classname="example.spec.ts" time="4.627">
</testcase>
</testsuite>
<testsuite name="test-1.spec.ts" timestamp="2025-04-02T07:18:05.242Z" hostname="firefox" tests="1" failures="0" skipped="0" time="0.226" errors="0">
<testcase name="test" classname="test-1.spec.ts" time="0.226">
</testcase>
</testsuite>
<testcase name="has title" classname="example.spec.ts" time="3.128">
<testcase name="has title" classname="example.spec.ts" time="3.128">
</testcase>
<testcase name="get started link" classname="example.spec.ts" time="3.356">
</testcase>
</testsuite>
<testsuite name="test-1.spec.ts" timestamp="2025-04-02T07:18:05.242Z" hostname="webkit" tests="1" failures="0" skipped="0" time="0.286" errors="0">
<testcase name="test" classname="test-1.spec.ts" time="0.286">
</testcase>
</testsuite>
</testsuites>
PS C:\Users\meenu.joseph\playwriteWorkspace\playwrightTypeScript> npx playwright test --reporter=junit --output=./test-output/test-results.xml
<testsuites id="" name="" tests="9" failures="0" skipped="0" errors="0" time="11.380892">
<testsuite name="example.spec.ts" timestamp="2025-04-02T10:21:51.464Z" hostname="chromium" tests="2" failures="0" skipped="0" time="10.474" errors="0">
<testcase name="has title" classname="example.spec.ts" time="4.973">
</testcase>
<testcase name="get started link" classname="example.spec.ts" time="5.501">
</testcase>
</testsuite>
<testsuite name="test-1.spec.ts" timestamp="2025-04-02T10:21:51.464Z" hostname="chromium" tests="1" failures="0" skipped="0" time="0.417" errors="0">
<testcase name="test" classname="test-1.spec.ts" time="0.417">
</testcase>
</testsuite>
<testsuite name="example.spec.ts" timestamp="2025-04-02T10:21:51.464Z" hostname="firefox" tests="2" failures="0" skipped="0" time="4.887" errors="0">
<testcase name="has title" classname="example.spec.ts" time="1.897">
</testcase>
<testcase name="get started link" classname="example.spec.ts" time="2.99">
</testcase>
</testsuite>
<testsuite name="test-1.spec.ts" timestamp="2025-04-02T10:21:51.464Z" hostname="firefox" tests="1" failures="0" skipped="0" time="0.194" errors="0">
<testcase name="test" classname="test-1.spec.ts" time="0.194">
</testcase>
</testsuite>
<testsuite name="example.spec.ts" timestamp="2025-04-02T10:21:51.464Z" hostname="webkit" tests="2" failures="0" skipped="0" time="4.08" errors="0">
<testcase name="has title" classname="example.spec.ts" time="1.933">
</testcase>
<testcase name="get started link" classname="example.spec.ts" time="2.147">
</testcase>
</testsuite>
<testsuite name="test-1.spec.ts" timestamp="2025-04-02T10:21:51.464Z" hostname="webkit" tests="1" failures="0" skipped="0" time="0.313" errors="0">
<testcase name="test" classname="test-1.spec.ts" time="0.313">
</testcase>
</testsuite>
</testsuites>